<?xml version="1.0" encoding="UTF-8"?>
<testng-results ignored="0" total="2" passed="2" failed="0" skipped="0">
  <reporter-output>
  </reporter-output>
  <suite started-at="2026-02-22T00:17:40 EST" name="Default suite" finished-at="2026-02-22T00:18:36 EST" duration-ms="56189">
    <groups>
      <group name="cucumber">
        <method signature="AbstractTestNGCucumberTests.runScenario(io.cucumber.testng.PickleWrapper,io.cucumber.testng.FeatureWrapper)[pri:0, instance:runner.RunnerCucumberTest@1fa121e2]" name="runScenario" class="io.cucumber.testng.AbstractTestNGCucumberTests"/>
      </group> <!-- cucumber -->
    </groups>
    <test started-at="2026-02-22T00:17:40 EST" name="Default test" finished-at="2026-02-22T00:18:36 EST" duration-ms="56189">
      <class name="runner.RunnerCucumberTest">
        <test-method is-config="true" signature="setUpClass(org.testng.ITestContext)[pri:0, instance:runner.RunnerCucumberTest@1fa121e2]" started-at="2026-02-22T00:17:40 EST" name="setUpClass" finished-at="2026-02-22T00:17:41 EST" duration-ms="1023" status="PASS">
          <params>
            <param index="0">
              <value>
                <![CDATA[org.testng.TestRunner@6642dc5a]]>
              </value>
            </param>
          </params>
          <reporter-output>
          </reporter-output>
        </test-method> <!-- setUpClass -->
        <test-method signature="runScenario(io.cucumber.testng.PickleWrapper,io.cucumber.testng.FeatureWrapper)[pri:0, instance:runner.RunnerCucumberTest@1fa121e2]" started-at="2026-02-22T00:17:41 EST" name="runScenario" description="Runs Cucumber Scenarios" data-provider="scenarios" finished-at="2026-02-22T00:18:04 EST" duration-ms="23090" status="PASS">
          <params>
            <param index="0">
              <value>
                <![CDATA["Successful login with valid credentials"]]>
              </value>
            </param>
            <param index="1">
              <value>
                <![CDATA["Login functionality"]]>
              </value>
            </param>
          </params>
          <reporter-output>
          </reporter-output>
        </test-method> <!-- runScenario -->
        <test-method signature="runScenario(io.cucumber.testng.PickleWrapper,io.cucumber.testng.FeatureWrapper)[pri:0, instance:runner.RunnerCucumberTest@1fa121e2]" started-at="2026-02-22T00:18:04 EST" name="runScenario" description="Runs Cucumber Scenarios" data-provider="scenarios" finished-at="2026-02-22T00:18:36 EST" duration-ms="31824" status="PASS">
          <params>
            <param index="0">
              <value>
                <![CDATA["Amazon product search"]]>
              </value>
            </param>
            <param index="1">
              <value>
                <![CDATA["Feature to test Amazon product search functionalitiesty"]]>
              </value>
            </param>
          </params>
          <reporter-output>
          </reporter-output>
        </test-method> <!-- runScenario -->
        <test-method is-config="true" signature="tearDownClass()[pri:0, instance:runner.RunnerCucumberTest@1fa121e2]" started-at="2026-02-22T00:18:36 EST" name="tearDownClass" finished-at="2026-02-22T00:18:36 EST" duration-ms="142" status="PASS">
          <reporter-output>
          </reporter-output>
        </test-method> <!-- tearDownClass -->
      </class> <!-- runner.RunnerCucumberTest -->
    </test> <!-- Default test -->
  </suite> <!-- Default suite -->
</testng-results>
